<?xml version="1.0" encoding="UTF-8"?>
<!-- Generated by org.testng.reporters.JUnitReportReporter -->
<testsuite hostname="DESKTOP-18CLBOL" failures="0" tests="3" name="TestNG.Keyword_enabled" time="0.012" errors="0" timestamp="2022-11-09T23:10:23 IST" skipped="1">
  <testcase classname="TestNG.Keyword_enabled" name="TC1" time="0.010"/>
  <system-out>
    <![CDATA[TC1 is running]]>
  </system-out>
  <testcase classname="TestNG.Keyword_enabled" name="TC3" time="0.002"/>
  <system-out>
    <![CDATA[TC3 is running]]>
  </system-out>
  <testcase classname="TestNG.Keyword_enabled" name="TC2">
    <skipped/>
  </testcase> <!-- TC2 -->
  <system-out/>
</testsuite> <!-- TestNG.Keyword_enabled -->
