<?xml version="1.0" encoding="UTF-8"?>
<!-- Generated by org.testng.reporters.JUnitReportReporter -->
<testsuite hostname="DESKTOP-18CLBOL" failures="0" tests="3" name="TestNG_xml.Testing2" time="0.012" errors="0" timestamp="2022-11-10T16:10:23 IST" skipped="0">
  <testcase classname="TestNG_xml.Testing2" name="G" time="0.010"/>
  <system-out>
    <![CDATA[G TC running]]>
  </system-out>
  <testcase classname="TestNG_xml.Testing2" name="J" time="0.001"/>
  <system-out>
    <![CDATA[J TC running]]>
  </system-out>
  <testcase classname="TestNG_xml.Testing2" name="H" time="0.001"/>
  <system-out>
    <![CDATA[H TC running]]>
  </system-out>
</testsuite> <!-- TestNG_xml.Testing2 -->
