<?xml version="1.0" encoding="UTF-8"?>
<!-- Generated by org.testng.reporters.JUnitReportReporter -->
<testsuite hostname="DESKTOP-18CLBOL" failures="0" tests="3" name="TestNG.Keyword_dependsonmethod" time="0.017" errors="0" timestamp="2022-11-09T23:22:22 IST" skipped="0">
  <testcase classname="TestNG.Keyword_dependsonmethod" name="Logout" time="0.002"/>
  <system-out>
    <![CDATA[logout success]]>
  </system-out>
  <testcase classname="TestNG.Keyword_dependsonmethod" name="login" time="0.013"/>
  <system-out>
    <![CDATA[login sucess]]>
  </system-out>
  <testcase classname="TestNG.Keyword_dependsonmethod" name="VerifyPin" time="0.002"/>
  <system-out>
    <![CDATA[Verify PIn sucess]]>
  </system-out>
</testsuite> <!-- TestNG.Keyword_dependsonmethod -->
