<?xml version="1.0" encoding="UTF-8"?>
<!-- Generated by org.testng.reporters.JUnitReportReporter -->
<testsuite hostname="DESKTOP-18CLBOL" failures="0" tests="5" name="TestNG.Testing11" time="0.027" errors="0" timestamp="2022-11-16T14:15:09 IST" skipped="0">
  <testcase classname="TestNG.Testing11" name="E" time="0.005"/>
  <system-out>
    <![CDATA[E TC is running]]>
  </system-out>
  <testcase classname="TestNG.Testing11" name="C" time="0.003"/>
  <system-out>
    <![CDATA[C TC is running]]>
  </system-out>
  <testcase classname="TestNG.Testing11" name="A" time="0.015"/>
  <system-out>
    <![CDATA[A TC is running]]>
  </system-out>
  <testcase classname="TestNG.Testing11" name="B" time="0.002"/>
  <system-out>
    <![CDATA[B TC is running]]>
  </system-out>
  <testcase classname="TestNG.Testing11" name="D" time="0.002"/>
  <system-out>
    <![CDATA[D TC is running]]>
  </system-out>
</testsuite> <!-- TestNG.Testing11 -->
