<?xml version="1.0" encoding="UTF-8"?>
<!-- Generated by org.testng.reporters.JUnitReportReporter -->
<testsuite hostname="DESKTOP-18CLBOL" failures="0" tests="1" name="Parallelandserialexecution.Test1" time="37.773" errors="0" timestamp="2022-11-16T15:33:59 IST" skipped="0">
  <testcase classname="Parallelandserialexecution.Test1" name="SetPosition" time="37.773"/>
  <system-out/>
</testsuite> <!-- Parallelandserialexecution.Test1 -->
