<?xml version="1.0" encoding="UTF-8"?>
<!-- Generated by org.testng.reporters.JUnitReportReporter -->
<testsuite hostname="DESKTOP-18CLBOL" failures="0" tests="3" name="TestNG_xml.Test22" time="0.011" errors="0" timestamp="2022-11-16T14:55:37 IST" skipped="0">
  <testcase classname="TestNG_xml.Test22" name="G" time="0.005"/>
  <system-out>
    <![CDATA[G TC running]]>
  </system-out>
  <testcase classname="TestNG_xml.Test22" name="I" time="0.003"/>
  <system-out>
    <![CDATA[I TC running]]>
  </system-out>
  <testcase classname="TestNG_xml.Test22" name="J" time="0.003"/>
  <system-out>
    <![CDATA[J TC running]]>
  </system-out>
</testsuite> <!-- TestNG_xml.Test22 -->
