<?xml version="1.0" encoding="UTF-8"?>
<!-- Generated by org.testng.reporters.JUnitReportReporter -->
<testsuite hostname="DESKTOP-18CLBOL" failures="0" tests="1" name="Parallelandserialexecution.Test2" time="40.797" errors="0" timestamp="2022-11-16T15:33:59 IST" skipped="0">
  <testcase classname="Parallelandserialexecution.Test2" name="SetSize" time="40.797"/>
  <system-out/>
</testsuite> <!-- Parallelandserialexecution.Test2 -->
