<?xml version="1.0" encoding="UTF-8"?>
<!-- Generated by org.testng.reporters.JUnitReportReporter -->
<testsuite hostname="DESKTOP-18CLBOL" failures="0" tests="3" name="TestNG.Priority_ex" time="0.015" errors="0" timestamp="2022-11-09T23:02:50 IST" skipped="0">
  <testcase classname="TestNG.Priority_ex" name="C" time="0.013"/>
  <system-out>
    <![CDATA[C is running]]>
  </system-out>
  <testcase classname="TestNG.Priority_ex" name="A" time="0.001"/>
  <system-out>
    <![CDATA[A is running]]>
  </system-out>
  <testcase classname="TestNG.Priority_ex" name="B" time="0.001"/>
  <system-out>
    <![CDATA[B is running]]>
  </system-out>
</testsuite> <!-- TestNG.Priority_ex -->
