<?xml version="1.0" encoding="UTF-8"?>
<!-- Generated by org.testng.reporters.JUnitReportReporter -->
<testsuite hostname="DESKTOP-18CLBOL" failures="0" tests="1" name="TestNG.example2" time="0.019" errors="0" timestamp="2022-11-09T22:27:46 IST" skipped="0">
  <testcase classname="TestNG.example2" name="display" time="0.019"/>
  <system-out>
    <![CDATA[GOOD MORNING]]>
  </system-out>
</testsuite> <!-- TestNG.example2 -->
