<?xml version="1.0" encoding="UTF-8"?>
<!-- Generated by org.testng.reporters.JUnitReportReporter -->
<testsuite hostname="DESKTOP-18CLBOL" failures="0" tests="2" name="TestNG.Annotation_ex" time="0.016" errors="0" timestamp="2022-11-09T22:47:12 IST" skipped="0">
  <testcase classname="TestNG.Annotation_ex" name="Validate_user_id" time="0.007"/>
  <system-out>
    <![CDATA[User Id validation Done-->@Test used]]>
  </system-out>
  <testcase classname="TestNG.Annotation_ex" name="Validate_pin" time="0.009"/>
  <system-out>
    <![CDATA[Pin validation Done-->@Test used]]>
  </system-out>
</testsuite> <!-- TestNG.Annotation_ex -->
