<?xml version="1.0" encoding="UTF-8"?>
<!-- Generated by org.testng.reporters.JUnitReportReporter -->
<testsuite hostname="DESKTOP-18CLBOL" failures="0" tests="1" name="firefox.Newff" time="25.218" errors="0" timestamp="2022-11-17T10:33:17 IST" skipped="0">
  <testcase classname="firefox.Newff" name="Mytc" time="25.218"/>
  <system-out/>
</testsuite> <!-- firefox.Newff -->
