<?xml version="1.0" encoding="UTF-8"?>
<!-- Generated by org.testng.reporters.JUnitReportReporter -->
<testsuite hostname="DESKTOP-18CLBOL" failures="0" tests="1" name="TestNG.normal_class" time="27.281" errors="0" timestamp="2022-11-09T22:23:02 IST" skipped="0">
  <testcase classname="TestNG.normal_class" name="KiteLogin" time="27.281"/>
  <system-out>
    <![CDATA[Test case is passed]]>
  </system-out>
</testsuite> <!-- TestNG.normal_class -->
