<?xml version="1.0" encoding="UTF-8"?>
<!-- Generated by org.testng.reporters.JUnitReportReporter -->
<testsuite hostname="DESKTOP-18CLBOL" failures="0" tests="3" name="TestNG_xml.Test11" time="0.038" errors="0" timestamp="2022-11-16T14:55:37 IST" skipped="0">
  <testcase classname="TestNG_xml.Test11" name="A" time="0.021"/>
  <system-out>
    <![CDATA[A TC is running]]>
  </system-out>
  <testcase classname="TestNG_xml.Test11" name="E" time="0.008"/>
  <system-out>
    <![CDATA[E TC is running]]>
  </system-out>
  <testcase classname="TestNG_xml.Test11" name="C" time="0.009"/>
  <system-out>
    <![CDATA[C TC is running]]>
  </system-out>
</testsuite> <!-- TestNG_xml.Test11 -->
