<?xml version="1.0" encoding="UTF-8"?>
<!-- Generated by org.testng.reporters.JUnitReportReporter -->
<testsuite hostname="DESKTOP-18CLBOL" failures="0" tests="5" name="TestNG_xml.Testing22" time="0.029" errors="0" timestamp="2022-11-16T14:14:57 IST" skipped="0">
  <testcase classname="TestNG_xml.Testing22" name="F" time="0.022"/>
  <system-out>
    <![CDATA[F TC running]]>
  </system-out>
  <testcase classname="TestNG_xml.Testing22" name="I" time="0.001"/>
  <system-out>
    <![CDATA[I TC running]]>
  </system-out>
  <testcase classname="TestNG_xml.Testing22" name="G" time="0.003"/>
  <system-out>
    <![CDATA[G TC running]]>
  </system-out>
  <testcase classname="TestNG_xml.Testing22" name="H" time="0.002"/>
  <system-out>
    <![CDATA[H TC running]]>
  </system-out>
  <testcase classname="TestNG_xml.Testing22" name="J" time="0.001"/>
  <system-out>
    <![CDATA[J TC running]]>
  </system-out>
</testsuite> <!-- TestNG_xml.Testing22 -->
