<?xml version="1.0" encoding="UTF-8"?>
<!-- Generated by org.testng.reporters.JUnitReportReporter -->
<testsuite hostname="DESKTOP-18CLBOL" failures="0" tests="1" name="Verification_using_TestNG.SoftAssertStudy" time="0.063" errors="0" timestamp="2022-11-22T22:40:46 IST" skipped="0">
  <testcase classname="Verification_using_TestNG.SoftAssertStudy" name="softAssertUse" time="0.063"/>
  <system-out/>
</testsuite> <!-- Verification_using_TestNG.SoftAssertStudy -->
