<?xml version="1.0" encoding="UTF-8"?>
<!-- Generated by org.testng.reporters.JUnitReportReporter -->
<testsuite hostname="DESKTOP-18CLBOL" failures="0" tests="1" name="Verification_using_TestNG.MyTC" time="0.026" errors="0" timestamp="2022-11-17T08:13:16 IST" skipped="0">
  <testcase classname="Verification_using_TestNG.MyTC" name="assertEquals" time="0.026"/>
  <system-out>
    <![CDATA[tc is failed]]>
  </system-out>
</testsuite> <!-- Verification_using_TestNG.MyTC -->
