<?xml version="1.0" encoding="UTF-8"?>
<!-- Generated by org.testng.reporters.JUnitReportReporter -->
<testsuite hostname="DESKTOP-18CLBOL" failures="0" tests="6" name="TestNG.Keyword_invocationcount" time="0.017" errors="0" timestamp="2022-11-09T22:53:34 IST" skipped="0">
  <testcase classname="TestNG.Keyword_invocationcount" name="TC1" time="0.009"/>
  <system-out>
    <![CDATA[TC1 running]]>
  </system-out>
  <testcase classname="TestNG.Keyword_invocationcount" name="TC1" time="0.001"/>
  <system-out>
    <![CDATA[TC1 running]]>
  </system-out>
  <testcase classname="TestNG.Keyword_invocationcount" name="TC1" time="0.001"/>
  <system-out>
    <![CDATA[TC1 running]]>
  </system-out>
  <testcase classname="TestNG.Keyword_invocationcount" name="TC1" time="0.002"/>
  <system-out>
    <![CDATA[TC1 running]]>
  </system-out>
  <testcase classname="TestNG.Keyword_invocationcount" name="TC1" time="0.002"/>
  <system-out>
    <![CDATA[TC1 running]]>
  </system-out>
  <testcase classname="TestNG.Keyword_invocationcount" name="before" time="0.002"/>
  <system-out>
    <![CDATA[befor method running]]>
  </system-out>
</testsuite> <!-- TestNG.Keyword_invocationcount -->
