<?xml version="1.0" encoding="UTF-8"?>
<!-- Generated by org.testng.reporters.JUnitReportReporter -->
<testsuite hostname="DESKTOP-18CLBOL" failures="0" tests="3" name="TestNG.Keyword_priority" time="0.019" errors="0" timestamp="2022-11-09T22:56:48 IST" skipped="0">
  <testcase classname="TestNG.Keyword_priority" name="A" time="0.014"/>
  <system-out>
    <![CDATA[A is running]]>
  </system-out>
  <testcase classname="TestNG.Keyword_priority" name="C" time="0.003"/>
  <system-out>
    <![CDATA[C is running]]>
  </system-out>
  <testcase classname="TestNG.Keyword_priority" name="B" time="0.002"/>
  <system-out>
    <![CDATA[B is running]]>
  </system-out>
</testsuite> <!-- TestNG.Keyword_priority -->
