<?xml version="1.0" encoding="UTF-8"?>
<!-- Generated by org.testng.reporters.JUnitReportReporter -->
<testsuite hostname="DESKTOP-18CLBOL" failures="0" tests="2" name="TestNG_xml.Testing1" time="0.004" errors="0" timestamp="2022-11-10T16:10:23 IST" skipped="0">
  <testcase classname="TestNG_xml.Testing1" name="A" time="0.003"/>
  <system-out>
    <![CDATA[A TC is running]]>
  </system-out>
  <testcase classname="TestNG_xml.Testing1" name="B" time="0.001"/>
  <system-out>
    <![CDATA[B TC is running]]>
  </system-out>
</testsuite> <!-- TestNG_xml.Testing1 -->
