<?xml version="1.0" encoding="UTF-8"?>
<!-- Generated by org.testng.reporters.JUnitReportReporter -->
<testsuite hostname="DESKTOP-18CLBOL" failures="0" tests="1" name="TestNG.TestNG_Study" time="18.044" errors="0" timestamp="2022-12-04T16:19:20 IST" skipped="0">
  <testcase classname="TestNG.TestNG_Study" name="f" time="18.044"/>
  <system-out/>
</testsuite> <!-- TestNG.TestNG_Study -->
